<?xml version="1.0" encoding="UTF-8"?>
<testng-results ignored="0" total="1" passed="1" failed="0" skipped="0">
  <reporter-output>
  </reporter-output>
  <suite started-at="2022-06-07T23:42:35 IST" name="Default suite" finished-at="2022-06-07T23:43:42 IST" duration-ms="67046">
    <groups>
    </groups>
    <test started-at="2022-06-07T23:42:35 IST" name="Default test" finished-at="2022-06-07T23:43:42 IST" duration-ms="67046">
      <class name="com.crm.vtiger.purchaseOrder.ToCreatePurchaseOrderWithItemAndAddServiceTest">
        <test-method signature="cratePurchaseOrderTest()[pri:0, instance:com.crm.vtiger.purchaseOrder.ToCreatePurchaseOrderWithItemAndAddServiceTest@5fd4f8f5]" started-at="2022-06-07T23:42:35 IST" name="cratePurchaseOrderTest" finished-at="2022-06-07T23:43:42 IST" duration-ms="66976" status="PASS">
          <reporter-output>
          </reporter-output>
        </test-method> <!-- cratePurchaseOrderTest -->
      </class> <!-- com.crm.vtiger.purchaseOrder.ToCreatePurchaseOrderWithItemAndAddServiceTest -->
    </test> <!-- Default test -->
  </suite> <!-- Default suite -->
</testng-results>
